<coverage line-rate="1.0" branch-rate="0.4" lines-covered="15" lines-valid="15" branches-covered="4" branches-valid="10" complexity="0.0" version="1.9.4.1" timestamp="1317465983782">
  <sources>
    <source>
      C:/dev/HEAD/plugins/excel-import/test/projects/sample/src/groovy
    </source>
    <source>
      C:/dev/HEAD/plugins/excel-import/grails-app
    </source>
    <source>
      C:/dev/HEAD/plugins/excel-import/test/projects/sample/grails-app/domain
    </source>
    <source>
      C:/dev/HEAD/plugins/excel-import/test/projects/sample/grails-app/controllers
    </source>
  </sources>
  <packages>
    <package name="sample" line-rate="1.0" branch-rate="0.4" complexity="0.0">
      <classes>
        <class name="sample.Book" filename="sample/Book.groovy" line-rate="1.0" branch-rate="1.0" complexity="0.0">
          <methods>
            <method name="&lt;init&gt;" signature="()V" line-rate="1.0" branch-rate="1.0">
              <lines>
                <line number="6" hits="26" branch="false"/>
              </lines>
            </method>
          </methods>
          <lines>
            <line number="6" hits="26" branch="false"/>
          </lines>
        </class>
        <class name="sample.Book$__clinit__closure1" filename="sample/Book.groovy" line-rate="1.0" branch-rate="1.0" complexity="0.0">
          <methods>
            <method name="doCall" signature="(Ljava/lang/Object;)Ljava/lang/Object;" line-rate="1.0" branch-rate="1.0">
              <lines>
                <line number="14" hits="12" branch="false"/>
              </lines>
            </method>
          </methods>
          <lines>
            <line number="14" hits="12" branch="false"/>
          </lines>
        </class>
        <class name="sample.BookController" filename="sample/BookController.groovy" line-rate="1.0" branch-rate="1.0" complexity="0.0">
          <methods>
            <method name="&lt;init&gt;" signature="()V" line-rate="1.0" branch-rate="1.0">
              <lines>
                <line number="3" hits="1" branch="false"/>
              </lines>
            </method>
          </methods>
          <lines>
            <line number="3" hits="1" branch="false"/>
          </lines>
        </class>
        <class name="sample.BookExcelImporter" filename="sample/BookExcelImporter.groovy" line-rate="1.0" branch-rate="0.4" complexity="0.0">
          <methods>
            <method name="&lt;clinit&gt;" signature="()V" line-rate="1.0" branch-rate="1.0">
              <lines>
                <line number="10" hits="1" branch="false"/>
              </lines>
            </method>
            <method name="&lt;init&gt;" signature="()V" line-rate="1.0" branch-rate="0.4">
              <lines>
                <line number="49" hits="5" branch="true" condition-coverage="40% (2/5)">
                  <conditions>
                    <condition number="0" type="jump" coverage="50%"/>
                    <condition number="0" type="switch" coverage="33%"/>
                  </conditions>
                </line>
              </lines>
            </method>
            <method name="&lt;init&gt;" signature="(Ljava/lang/Object;)V" line-rate="1.0" branch-rate="0.4">
              <lines>
                <line number="45" hits="7" branch="true" condition-coverage="40% (2/5)">
                  <conditions>
                    <condition number="0" type="jump" coverage="50%"/>
                    <condition number="0" type="switch" coverage="33%"/>
                  </conditions>
                </line>
              </lines>
            </method>
            <method name="getBooks" signature="()Ljava/util/List;" line-rate="1.0" branch-rate="1.0">
              <lines>
                <line number="53" hits="7" branch="false"/>
              </lines>
            </method>
            <method name="getExcelImportService" signature="()Ljava/lang/Object;" line-rate="1.0" branch-rate="1.0">
              <lines>
                <line number="14" hits="16" branch="false"/>
              </lines>
            </method>
            <method name="getOneMoreBookParams" signature="()Ljava/util/Map;" line-rate="1.0" branch-rate="1.0">
              <lines>
                <line number="75" hits="4" branch="false"/>
              </lines>
            </method>
            <method name="setBooks" signature="(Ljava/lang/Object;)V" line-rate="1.0" branch-rate="1.0">
              <lines>
                <line number="65" hits="3" branch="false"/>
              </lines>
            </method>
            <method name="setOneMoreBookParams" signature="(Ljava/util/Map;)V" line-rate="1.0" branch-rate="1.0">
              <lines>
                <line number="87" hits="2" branch="false"/>
              </lines>
            </method>
          </methods>
          <lines>
            <line number="10" hits="1" branch="false"/>
            <line number="14" hits="16" branch="false"/>
            <line number="45" hits="7" branch="true" condition-coverage="40% (2/5)">
              <conditions>
                <condition number="0" type="jump" coverage="50%"/>
                <condition number="0" type="switch" coverage="33%"/>
              </conditions>
            </line>
            <line number="49" hits="5" branch="true" condition-coverage="40% (2/5)">
              <conditions>
                <condition number="0" type="jump" coverage="50%"/>
                <condition number="0" type="switch" coverage="33%"/>
              </conditions>
            </line>
            <line number="53" hits="7" branch="false"/>
            <line number="65" hits="3" branch="false"/>
            <line number="75" hits="4" branch="false"/>
            <line number="87" hits="2" branch="false"/>
          </lines>
        </class>
        <class name="sample.BookExcelImporter$BookCsvImporter" filename="sample/BookExcelImporter.groovy" line-rate="1.0" branch-rate="1.0" complexity="0.0">
          <methods>
            <method name="copyToExcel" signature="(Lsample/BookExcelImporter;)Ljava/lang/Object;" line-rate="1.0" branch-rate="1.0">
              <lines>
                <line number="112" hits="1" branch="false"/>
                <line number="113" hits="1" branch="false"/>
                <line number="114" hits="1" branch="false"/>
              </lines>
            </method>
            <method name="getBooks" signature="()Ljava/util/List;" line-rate="1.0" branch-rate="1.0">
              <lines>
                <line number="108" hits="2" branch="false"/>
              </lines>
            </method>
          </methods>
          <lines>
            <line number="108" hits="2" branch="false"/>
            <line number="112" hits="1" branch="false"/>
            <line number="113" hits="1" branch="false"/>
            <line number="114" hits="1" branch="false"/>
          </lines>
        </class>
      </classes>
    </package>
  </packages>
</coverage>
